{"numFailedTestSuites":0,"numFailedTests":0,"numPassedTestSuites":1,"numPassedTests":3,"numPendingTestSuites":0,"numPendingTests":0,"numRuntimeErrorTestSuites":0,"numTodoTests":0,"numTotalTestSuites":1,"numTotalTests":3,"openHandles":[],"snapshot":{"added":0,"didUpdate":false,"failure":false,"filesAdded":0,"filesRemoved":0,"filesRemovedList":[],"filesUnmatched":0,"filesUpdated":0,"matched":0,"total":0,"unchecked":0,"uncheckedKeysByFile":[],"unmatched":0,"updated":0},"startTime":1750490156069,"success":true,"testResults":[{"assertionResults":[{"ancestorTitles":[],"failureMessages":[],"fullName":"test1: should render dashboard title (PASS)","location":null,"status":"passed","title":"test1: should render dashboard title (PASS)"},{"ancestorTitles":[],"failureMessages":[],"fullName":"test2: should show status message (PASS)","location":null,"status":"passed","title":"test2: should show status message (PASS)"},{"ancestorTitles":[],"failureMessages":[],"fullName":"test3: check if button exists (PASS)","location":null,"status":"passed","title":"test3: check if button exists (PASS)"}],"endTime":1750490160086,"message":"","name":"C:\\Users\\Vedasamhitha Gopalam\\Downloads\\devops\\react-jira-demo\\src\\App.test.js","startTime":1750490157686,"status":"passed","summary":""}],"wasInterrupted":false}